[12:19:08] Venlette: [THREADS] Initialising
[12:19:08] Venlette: [THREADS] Initialised
[12:19:08] Venlette: [EVENTS] Initialising
[12:19:08] Venlette: [EVENTS] Initialised
[12:19:08] Venlette: [THREADS] Registered thread
[12:19:08] Venlette: [SYSTEM] Initialised
[12:19:08] Venlette: [SYSTEM] Creating Application
[12:19:08] Venlette: [EVENTS] Listener registered
[12:19:08] Venlette: [SYSTEM] Created Application
[12:19:08] Venlette: [APPLICATION] Running application
[12:19:08] Venlette: [THREADS] Registered thread
[12:19:08] Venlette: Runs Left: 5
[12:19:08] Venlette: [THREADS] Registered thread
[12:19:09] Venlette: Runs Left: 4
[12:19:10] Venlette: Runs Left: 3
[12:19:11] Venlette: Runs Left: 2
[12:19:12] Venlette: Runs Left: 1
[12:19:13] Venlette: [APPLICATION] Killing application
[12:19:13] Venlette: [SYSTEM] Stopping Application
[12:19:13] Venlette: Application Stopping
[12:19:13] Venlette: [APPLICATION] Killing application
[12:19:13] Venlette: [EVENTS] Unregistered listener
[12:19:13] Venlette: [SYSTEM] Destroyed Application
[12:19:13] Venlette: [SYSTEM] Shutting Down
[12:19:13] Venlette: [EVENTS] Shutdown
[12:19:13] Venlette: [THREADS] Shutting down
[12:19:13] Venlette: [THREADS] Shut down
